<?xml version="1.0" encoding="UTF-8"?>
<!-- Generated by org.testng.reporters.JUnitXMLReporter -->
<testsuite ignored="4" hostname="DESKTOP-AB6BR8M" failures="0" tests="2" name="Surefire test" time="59.102" errors="0" timestamp="2024-05-05T10:37:02 IST">
  <testcase classname="com.ShoppersStack_TestScripts.Verify_User_is_able_to_add_address_Test" name="addAddress" time="5.45"/>
  <testcase classname="com.ShoppersStack_TestScripts.Verify_user_is_able_to_delete_address_Test" name="deleteAddress" time="10.361"/>
  <testcase classname="com.ShoppersStack.GenericUtility.BaseTest" name="@BeforeSuite bs" time="0.0">
    <ignored/>
  </testcase> <!-- @BeforeSuite bs -->
  <testcase classname="com.ShoppersStack.GenericUtility.BaseTest" name="@AfterTest at" time="0.0">
    <ignored/>
  </testcase> <!-- @AfterTest at -->
  <testcase classname="com.ShoppersStack.GenericUtility.BaseTest" name="@AfterSuite as" time="0.0">
    <ignored/>
  </testcase> <!-- @AfterSuite as -->
  <testcase classname="com.ShoppersStack.GenericUtility.BaseTest" name="@BeforeTest bt" time="0.0">
    <ignored/>
  </testcase> <!-- @BeforeTest bt -->
</testsuite> <!-- Surefire test -->
