<?xml version="1.0" encoding="UTF-8"?>
<testng-results ignored="0" total="2" passed="2" failed="0" skipped="0">
  <reporter-output>
  </reporter-output>
  <suite started-at="2024-05-05T10:36:03 IST" name="Surefire suite" finished-at="2024-05-05T10:37:02 IST" duration-ms="59102">
    <groups>
    </groups>
    <test started-at="2024-05-05T10:36:03 IST" name="Surefire test" finished-at="2024-05-05T10:37:02 IST" duration-ms="59102">
      <class name="com.ShoppersStack_TestScripts.Verify_User_is_able_to_add_address_Test">
        <test-method is-config="true" signature="bs()[pri:0, instance:com.ShoppersStack_TestScripts.Verify_User_is_able_to_add_address_Test@4738a206]" started-at="2024-05-05T10:36:03 IST" name="bs" finished-at="2024-05-05T10:36:03 IST" duration-ms="23" status="PASS">
          <reporter-output>
          </reporter-output>
        </test-method> <!-- bs -->
        <test-method is-config="true" signature="bt()[pri:0, instance:com.ShoppersStack_TestScripts.Verify_User_is_able_to_add_address_Test@4738a206]" started-at="2024-05-05T10:36:03 IST" name="bt" finished-at="2024-05-05T10:36:03 IST" duration-ms="204" status="PASS">
          <reporter-output>
          </reporter-output>
        </test-method> <!-- bt -->
        <test-method is-config="true" signature="bc()[pri:0, instance:com.ShoppersStack_TestScripts.Verify_User_is_able_to_add_address_Test@4738a206]" started-at="2024-05-05T10:36:03 IST" name="bc" finished-at="2024-05-05T10:36:08 IST" duration-ms="5050" status="PASS">
          <reporter-output>
          </reporter-output>
        </test-method> <!-- bc -->
        <test-method is-config="true" signature="bm()[pri:0, instance:com.ShoppersStack_TestScripts.Verify_User_is_able_to_add_address_Test@4738a206]" started-at="2024-05-05T10:36:08 IST" name="bm" finished-at="2024-05-05T10:36:21 IST" duration-ms="12703" status="PASS">
          <reporter-output>
          </reporter-output>
        </test-method> <!-- bm -->
        <test-method signature="addAddress()[pri:0, instance:com.ShoppersStack_TestScripts.Verify_User_is_able_to_add_address_Test@4738a206]" started-at="2024-05-05T10:36:21 IST" name="addAddress" finished-at="2024-05-05T10:36:27 IST" duration-ms="5450" status="PASS">
          <reporter-output>
          </reporter-output>
        </test-method> <!-- addAddress -->
        <test-method is-config="true" signature="am()[pri:0, instance:com.ShoppersStack_TestScripts.Verify_User_is_able_to_add_address_Test@4738a206]" started-at="2024-05-05T10:36:27 IST" name="am" finished-at="2024-05-05T10:36:27 IST" duration-ms="399" status="PASS">
          <reporter-output>
          </reporter-output>
        </test-method> <!-- am -->
        <test-method is-config="true" signature="ac()[pri:0, instance:com.ShoppersStack_TestScripts.Verify_User_is_able_to_add_address_Test@4738a206]" started-at="2024-05-05T10:36:27 IST" name="ac" finished-at="2024-05-05T10:36:30 IST" duration-ms="3329" status="PASS">
          <reporter-output>
          </reporter-output>
        </test-method> <!-- ac -->
        <test-method is-config="true" signature="at()[pri:0, instance:com.ShoppersStack_TestScripts.Verify_User_is_able_to_add_address_Test@4738a206]" started-at="2024-05-05T10:37:01 IST" name="at" finished-at="2024-05-05T10:37:02 IST" duration-ms="1299" status="PASS">
          <reporter-output>
          </reporter-output>
        </test-method> <!-- at -->
        <test-method is-config="true" signature="as()[pri:0, instance:com.ShoppersStack_TestScripts.Verify_User_is_able_to_add_address_Test@4738a206]" started-at="2024-05-05T10:37:02 IST" name="as" finished-at="2024-05-05T10:37:02 IST" duration-ms="0" status="PASS">
          <reporter-output>
          </reporter-output>
        </test-method> <!-- as -->
      </class> <!-- com.ShoppersStack_TestScripts.Verify_User_is_able_to_add_address_Test -->
      <class name="com.ShoppersStack_TestScripts.Verify_user_is_able_to_delete_address_Test">
        <test-method is-config="true" signature="bc()[pri:0, instance:com.ShoppersStack_TestScripts.Verify_user_is_able_to_delete_address_Test@58695725]" started-at="2024-05-05T10:36:30 IST" name="bc" finished-at="2024-05-05T10:36:35 IST" duration-ms="4252" status="PASS">
          <reporter-output>
          </reporter-output>
        </test-method> <!-- bc -->
        <test-method is-config="true" signature="bm()[pri:0, instance:com.ShoppersStack_TestScripts.Verify_user_is_able_to_delete_address_Test@58695725]" started-at="2024-05-05T10:36:35 IST" name="bm" finished-at="2024-05-05T10:36:47 IST" duration-ms="12212" status="PASS">
          <reporter-output>
          </reporter-output>
        </test-method> <!-- bm -->
        <test-method signature="deleteAddress()[pri:0, instance:com.ShoppersStack_TestScripts.Verify_user_is_able_to_delete_address_Test@58695725]" started-at="2024-05-05T10:36:47 IST" name="deleteAddress" finished-at="2024-05-05T10:36:57 IST" duration-ms="10361" status="PASS">
          <reporter-output>
          </reporter-output>
        </test-method> <!-- deleteAddress -->
        <test-method is-config="true" signature="am()[pri:0, instance:com.ShoppersStack_TestScripts.Verify_user_is_able_to_delete_address_Test@58695725]" started-at="2024-05-05T10:36:57 IST" name="am" finished-at="2024-05-05T10:36:58 IST" duration-ms="391" status="PASS">
          <reporter-output>
          </reporter-output>
        </test-method> <!-- am -->
        <test-method is-config="true" signature="ac()[pri:0, instance:com.ShoppersStack_TestScripts.Verify_user_is_able_to_delete_address_Test@58695725]" started-at="2024-05-05T10:36:58 IST" name="ac" finished-at="2024-05-05T10:37:01 IST" duration-ms="3360" status="PASS">
          <reporter-output>
          </reporter-output>
        </test-method> <!-- ac -->
      </class> <!-- com.ShoppersStack_TestScripts.Verify_user_is_able_to_delete_address_Test -->
    </test> <!-- Surefire test -->
  </suite> <!-- Surefire suite -->
</testng-results>
